2025-01-28 08:40:55 +00:00: 
> docker-management@0.1.0 start
> next start -p 3000

2025-01-28 08:40:55 +00:00: 
> docker-management@0.1.0 start
> next start -p 3000

2025-01-28 08:40:55 +00:00: 
> docker-management@0.1.0 start
> next start -p 3000

2025-01-28 08:40:56 +00:00: 
> docker-management@0.1.0 start
> next start -p 3000

2025-01-28 08:40:56 +00:00: 2025-01-28 08:40:56 +00:00: 2025-01-28 08:40:56 +00:00: 2025-01-28 08:40:56 +00:00: 2025-01-28 08:41:01 +00:00: 
> docker-management@0.1.0 start
> next start -p 3000

2025-01-28 08:41:01 +00:00: 
> docker-management@0.1.0 start
> next start -p 3000

2025-01-28 08:41:01 +00:00: 
> docker-management@0.1.0 start
> next start -p 3000

2025-01-28 08:41:02 +00:00: 
> docker-management@0.1.0 start
> next start -p 3000

2025-01-28 08:41:02 +00:00: 2025-01-28 08:41:02 +00:00: 2025-01-28 08:41:02 +00:00: 2025-01-28 08:41:03 +00:00: 2025-01-28 08:41:07 +00:00: 
> docker-management@0.1.0 start
> next start -p 3000

2025-01-28 08:41:07 +00:00: 
> docker-management@0.1.0 start
> next start -p 3000

2025-01-28 08:41:08 +00:00: 
> docker-management@0.1.0 start
> next start -p 3000

2025-01-28 08:41:08 +00:00: 
> docker-management@0.1.0 start
> next start -p 3000

2025-01-28 08:41:08 +00:00: 2025-01-28 08:41:08 +00:00: 2025-01-28 08:41:08 +00:00: 2025-01-28 08:41:09 +00:00: 2025-01-28 08:41:13 +00:00: 
> docker-management@0.1.0 start
> next start -p 3000

2025-01-28 08:41:13 +00:00: 
> docker-management@0.1.0 start
> next start -p 3000

2025-01-28 08:41:14 +00:00: 
> docker-management@0.1.0 start
> next start -p 3000

2025-01-28 08:41:14 +00:00: 
> docker-management@0.1.0 start
> next start -p 3000

2025-01-28 08:41:14 +00:00: 2025-01-28 08:41:14 +00:00: 2025-01-28 08:41:14 +00:00: 2025-01-28 08:41:14 +00:00: 2025-01-28 08:41:19 +00:00: 
> docker-management@0.1.0 start
> next start -p 3000

2025-01-28 08:41:19 +00:00: 
> docker-management@0.1.0 start
> next start -p 3000

2025-01-28 08:41:20 +00:00: 
> docker-management@0.1.0 start
> next start -p 3000

2025-01-28 08:41:20 +00:00: 
> docker-management@0.1.0 start
> next start -p 3000

2025-01-28 08:41:20 +00:00: 2025-01-28 08:41:20 +00:00: 2025-01-28 08:41:20 +00:00: 2025-01-28 08:41:20 +00:00: 2025-01-28 08:41:26 +00:00: 
> docker-management@0.1.0 start
> next start -p 3000

2025-01-28 08:41:26 +00:00: 
> docker-management@0.1.0 start
> next start -p 3000

2025-01-28 08:41:26 +00:00: 
> docker-management@0.1.0 start
> next start -p 3000

2025-01-28 08:41:26 +00:00: 
> docker-management@0.1.0 start
> next start -p 3000

2025-01-28 08:41:26 +00:00: 2025-01-28 08:41:26 +00:00: 2025-01-28 08:41:26 +00:00: 2025-01-28 08:41:27 +00:00: 2025-01-28 08:41:32 +00:00: 
> docker-management@0.1.0 start
> next start -p 3000

2025-01-28 08:41:32 +00:00: 
> docker-management@0.1.0 start
> next start -p 3000

2025-01-28 08:41:32 +00:00: 
> docker-management@0.1.0 start
> next start -p 3000

2025-01-28 08:41:32 +00:00: 
> docker-management@0.1.0 start
> next start -p 3000

2025-01-28 08:41:32 +00:00: 2025-01-28 08:41:32 +00:00: 2025-01-28 08:41:33 +00:00: 2025-01-28 08:41:33 +00:00: 2025-01-28 08:41:37 +00:00: 
> docker-management@0.1.0 start
> next start -p 3000

2025-01-28 08:41:38 +00:00: 
> docker-management@0.1.0 start
> next start -p 3000

2025-01-28 08:41:38 +00:00: 
> docker-management@0.1.0 start
> next start -p 3000

2025-01-28 08:41:38 +00:00: 
> docker-management@0.1.0 start
> next start -p 3000

2025-01-28 08:41:38 +00:00: 2025-01-28 08:41:39 +00:00: 2025-01-28 08:41:39 +00:00: 2025-01-28 08:41:39 +00:00: 2025-01-28 08:41:44 +00:00: 
> docker-management@0.1.0 start
> next start -p 3000

2025-01-28 08:41:44 +00:00: 
> docker-management@0.1.0 start
> next start -p 3000

2025-01-28 08:41:44 +00:00: 
> docker-management@0.1.0 start
> next start -p 3000

2025-01-28 08:41:44 +00:00: 
> docker-management@0.1.0 start
> next start -p 3000

2025-01-28 08:41:44 +00:00: 2025-01-28 08:41:45 +00:00: 2025-01-28 08:41:45 +00:00: 2025-01-28 08:41:45 +00:00: 2025-01-28 08:41:50 +00:00: 
> docker-management@0.1.0 start
> next start -p 3000

2025-01-28 08:41:50 +00:00: 
> docker-management@0.1.0 start
> next start -p 3000

2025-01-28 08:41:50 +00:00: 
> docker-management@0.1.0 start
> next start -p 3000

2025-01-28 08:41:50 +00:00: 
> docker-management@0.1.0 start
> next start -p 3000

2025-01-28 08:41:51 +00:00: 2025-01-28 08:41:51 +00:00: 2025-01-28 08:41:51 +00:00: 2025-01-28 08:41:51 +00:00: 